d:\vsprojects\he_demo_cpp\he_demo_cpp\release\he_demo_cpp.pch
d:\vsprojects\he_demo_cpp\he_demo_cpp\release\vc140.pdb
d:\vsprojects\he_demo_cpp\he_demo_cpp\release\stdafx.obj
d:\vsprojects\he_demo_cpp\he_demo_cpp\release\proposition.obj
d:\vsprojects\he_demo_cpp\he_demo_cpp\release\he_demo_cpp.obj
d:\vsprojects\he_demo_cpp\he_demo_cpp\release\ainode.obj
d:\vsprojects\he_demo_cpp\he_demo_cpp\release\world.obj
d:\vsprojects\he_demo_cpp\he_demo_cpp\release\temporalordercompare.obj
d:\vsprojects\he_demo_cpp\he_demo_cpp\release\aiheader.obj
d:\vsprojects\he_demo_cpp\he_demo_cpp\release\aiclass.obj
d:\vsprojects\he_demo_cpp\release\he_demo_cpp.exe
d:\vsprojects\he_demo_cpp\release\he_demo_cpp.ipdb
d:\vsprojects\he_demo_cpp\release\he_demo_cpp.iobj
d:\vsprojects\he_demo_cpp\release\he_demo_cpp.pdb
d:\vsprojects\he_demo_cpp\he_demo_cpp\release\he_demo_cpp.tlog\cl.command.1.tlog
d:\vsprojects\he_demo_cpp\he_demo_cpp\release\he_demo_cpp.tlog\cl.read.1.tlog
d:\vsprojects\he_demo_cpp\he_demo_cpp\release\he_demo_cpp.tlog\cl.write.1.tlog
d:\vsprojects\he_demo_cpp\he_demo_cpp\release\he_demo_cpp.tlog\link.command.1.tlog
d:\vsprojects\he_demo_cpp\he_demo_cpp\release\he_demo_cpp.tlog\link.read.1.tlog
d:\vsprojects\he_demo_cpp\he_demo_cpp\release\he_demo_cpp.tlog\link.write.1.tlog
