d:\vsprojects\he_demo_cpp\he_demo_cpp\debug\he_demo_cpp.pch
d:\vsprojects\he_demo_cpp\he_demo_cpp\debug\vc140.pdb
d:\vsprojects\he_demo_cpp\he_demo_cpp\debug\vc140.idb
d:\vsprojects\he_demo_cpp\he_demo_cpp\debug\stdafx.obj
d:\vsprojects\he_demo_cpp\he_demo_cpp\debug\he_demo_cpp.obj
d:\vsprojects\he_demo_cpp\he_demo_cpp\debug\ainode.obj
d:\vsprojects\he_demo_cpp\he_demo_cpp\debug\proposition.obj
d:\vsprojects\he_demo_cpp\he_demo_cpp\debug\aiclass.obj
d:\vsprojects\he_demo_cpp\he_demo_cpp\debug\aiheader.obj
d:\vsprojects\he_demo_cpp\he_demo_cpp\debug\world.obj
d:\vsprojects\he_demo_cpp\he_demo_cpp\debug\temporalordercompare.obj
d:\vsprojects\he_demo_cpp\debug\he_demo_cpp.ilk
d:\vsprojects\he_demo_cpp\debug\he_demo_cpp.exe
d:\vsprojects\he_demo_cpp\debug\he_demo_cpp.pdb
d:\vsprojects\he_demo_cpp\he_demo_cpp\debug\he_demo_cpp.obj.enc
d:\vsprojects\he_demo_cpp\he_demo_cpp\debug\he_demo_cpp.tlog\cl.command.1.tlog
d:\vsprojects\he_demo_cpp\he_demo_cpp\debug\he_demo_cpp.tlog\cl.read.1.tlog
d:\vsprojects\he_demo_cpp\he_demo_cpp\debug\he_demo_cpp.tlog\cl.write.1.tlog
d:\vsprojects\he_demo_cpp\he_demo_cpp\debug\he_demo_cpp.tlog\link.command.1.tlog
d:\vsprojects\he_demo_cpp\he_demo_cpp\debug\he_demo_cpp.tlog\link.read.1.tlog
d:\vsprojects\he_demo_cpp\he_demo_cpp\debug\he_demo_cpp.tlog\link.write.1.tlog
